<?xml version="1.0" encoding="UTF-8"?>
<!-- Generated by org.testng.reporters.JUnitXMLReporter -->
<testsuite ignored="0" hostname="DESKTOP-PM6TT8O" failures="0" tests="6" name="Test" time="0.049" errors="0" timestamp="07 Apr 2019 04:26:59 GMT">
  <testcase classname="com.mycompany.app.SeleniumTest" name="BrowserAutomation" time="0.011"/>
  <testcase classname="com.mycompany.app.SeleniumTest" name="elementsUi" time="0.001"/>
  <testcase classname="com.mycompany.app.RESTAPITest" name="deleteTwitter" time="0.001"/>
  <testcase classname="com.mycompany.app.RESTAPITest" name="postJira" time="0.0"/>
  <testcase classname="com.mycompany.app.AppiumTest" name="IOSApps" time="0.002"/>
  <testcase classname="com.mycompany.app.AppiumTest" name="NativeAppAndroid" time="0.0"/>
</testsuite> <!-- Test -->
