<?xml version="1.0" encoding="UTF-8"?>
<!-- Generated by org.testng.reporters.JUnitXMLReporter -->
<testsuite ignored="0" hostname="DESKTOP-PM6TT8O" failures="0" tests="4" name="Test" time="0.039" errors="0" timestamp="07 Apr 2019 04:35:16 GMT">
  <testcase classname="com.mycompany.app.SeleniumTest" name="BrowserAutomation" time="0.007"/>
  <testcase classname="com.mycompany.app.SeleniumTest" name="elementsUi" time="0.0"/>
  <testcase classname="com.mycompany.app.RESTAPITest" name="deleteTwitter" time="0.001"/>
  <testcase classname="com.mycompany.app.RESTAPITest" name="postJira" time="0.0"/>
</testsuite> <!-- Test -->
