<?xml version="1.0" encoding="UTF-8"?>
<testng-results ignored="0" total="4" passed="4" failed="0" skipped="0">
  <reporter-output>
  </reporter-output>
  <suite started-at="2019-04-07T04:35:16Z" name="Suite" finished-at="2019-04-07T04:35:16Z" duration-ms="39">
    <groups>
    </groups>
    <test started-at="2019-04-07T04:35:16Z" name="Test" finished-at="2019-04-07T04:35:16Z" duration-ms="39">
      <class name="com.mycompany.app.SeleniumTest">
        <test-method signature="BrowserAutomation()[pri:0, instance:com.mycompany.app.SeleniumTest@429bd883]" started-at="2019-04-07T04:35:16Z" name="BrowserAutomation" finished-at="2019-04-07T04:35:16Z" duration-ms="7" status="PASS">
          <reporter-output>
          </reporter-output>
        </test-method> <!-- BrowserAutomation -->
        <test-method signature="elementsUi()[pri:0, instance:com.mycompany.app.SeleniumTest@429bd883]" started-at="2019-04-07T04:35:16Z" name="elementsUi" finished-at="2019-04-07T04:35:16Z" duration-ms="0" status="PASS">
          <reporter-output>
          </reporter-output>
        </test-method> <!-- elementsUi -->
      </class> <!-- com.mycompany.app.SeleniumTest -->
      <class name="com.mycompany.app.RESTAPITest">
        <test-method signature="deleteTwitter()[pri:0, instance:com.mycompany.app.RESTAPITest@4d49af10]" started-at="2019-04-07T04:35:16Z" name="deleteTwitter" finished-at="2019-04-07T04:35:16Z" duration-ms="1" status="PASS">
          <reporter-output>
          </reporter-output>
        </test-method> <!-- deleteTwitter -->
        <test-method signature="postJira()[pri:0, instance:com.mycompany.app.RESTAPITest@4d49af10]" started-at="2019-04-07T04:35:16Z" name="postJira" finished-at="2019-04-07T04:35:16Z" duration-ms="0" status="PASS">
          <reporter-output>
          </reporter-output>
        </test-method> <!-- postJira -->
      </class> <!-- com.mycompany.app.RESTAPITest -->
    </test> <!-- Test -->
  </suite> <!-- Suite -->
</testng-results>
