<?xml version="1.0" encoding="UTF-8"?>
<testng-results ignored="0" total="6" passed="6" failed="0" skipped="0">
  <reporter-output>
  </reporter-output>
  <suite started-at="2019-04-07T04:26:59Z" name="Suite" finished-at="2019-04-07T04:26:59Z" duration-ms="49">
    <groups>
    </groups>
    <test started-at="2019-04-07T04:26:59Z" name="Test" finished-at="2019-04-07T04:26:59Z" duration-ms="49">
      <class name="com.mycompany.app.SeleniumTest">
        <test-method signature="BrowserAutomation()[pri:0, instance:com.mycompany.app.SeleniumTest@6293abcc]" started-at="2019-04-07T04:26:59Z" name="BrowserAutomation" finished-at="2019-04-07T04:26:59Z" duration-ms="11" status="PASS">
          <reporter-output>
          </reporter-output>
        </test-method> <!-- BrowserAutomation -->
        <test-method signature="elementsUi()[pri:0, instance:com.mycompany.app.SeleniumTest@6293abcc]" started-at="2019-04-07T04:26:59Z" name="elementsUi" finished-at="2019-04-07T04:26:59Z" duration-ms="1" status="PASS">
          <reporter-output>
          </reporter-output>
        </test-method> <!-- elementsUi -->
      </class> <!-- com.mycompany.app.SeleniumTest -->
      <class name="com.mycompany.app.AppiumTest">
        <test-method signature="IOSApps()[pri:0, instance:com.mycompany.app.AppiumTest@7fc2413d]" started-at="2019-04-07T04:26:59Z" name="IOSApps" finished-at="2019-04-07T04:26:59Z" duration-ms="2" status="PASS">
          <reporter-output>
          </reporter-output>
        </test-method> <!-- IOSApps -->
        <test-method signature="NativeAppAndroid()[pri:0, instance:com.mycompany.app.AppiumTest@7fc2413d]" started-at="2019-04-07T04:26:59Z" name="NativeAppAndroid" finished-at="2019-04-07T04:26:59Z" duration-ms="0" status="PASS">
          <reporter-output>
          </reporter-output>
        </test-method> <!-- NativeAppAndroid -->
      </class> <!-- com.mycompany.app.AppiumTest -->
      <class name="com.mycompany.app.RESTAPITest">
        <test-method signature="deleteTwitter()[pri:0, instance:com.mycompany.app.RESTAPITest@7995092a]" started-at="2019-04-07T04:26:59Z" name="deleteTwitter" finished-at="2019-04-07T04:26:59Z" duration-ms="1" status="PASS">
          <reporter-output>
          </reporter-output>
        </test-method> <!-- deleteTwitter -->
        <test-method signature="postJira()[pri:0, instance:com.mycompany.app.RESTAPITest@7995092a]" started-at="2019-04-07T04:26:59Z" name="postJira" finished-at="2019-04-07T04:26:59Z" duration-ms="0" status="PASS">
          <reporter-output>
          </reporter-output>
        </test-method> <!-- postJira -->
      </class> <!-- com.mycompany.app.RESTAPITest -->
    </test> <!-- Test -->
  </suite> <!-- Suite -->
</testng-results>
